Collecting llmlingua
  Downloading llmlingua-0.2.2-py3-none-any.whl (30 kB)
Collecting sentence-transformers
  Downloading sentence_transformers-5.5.1-py3-none-any.whl (588 kB)
     ━━━━━━━━━━━━━━━━━━━━━━━━━━━━━━━━━━━━━━ 588.9/588.9 KB 10.3 MB/s eta 0:00:00
Requirement already satisfied: numpy in /home/hotaisle/.local/lib/python3.10/site-packages (from llmlingua) (2.2.6)
Collecting transformers>=4.26.0
  Downloading transformers-5.9.0-py3-none-any.whl (10.8 MB)
     ━━━━━━━━━━━━━━━━━━━━━━━━━━━━━━━━━━━━━━━━ 10.8/10.8 MB 51.8 MB/s eta 0:00:00
Requirement already satisfied: torch in /home/hotaisle/.local/lib/python3.10/site-packages (from llmlingua) (2.9.1+rocm6.3)
Collecting accelerate
  Downloading accelerate-1.13.0-py3-none-any.whl (383 kB)
     ━━━━━━━━━━━━━━━━━━━━━━━━━━━━━━━━━━━━━ 383.7/383.7 KB 212.6 MB/s eta 0:00:00
Collecting tiktoken
  Downloading tiktoken-0.13.0-cp310-cp310-manylinux_2_28_x86_64.whl (1.1 MB)
     ━━━━━━━━━━━━━━━━━━━━━━━━━━━━━━━━━━━━━━━━ 1.1/1.1 MB 140.1 MB/s eta 0:00:00
Collecting nltk
  Downloading nltk-3.9.4-py3-none-any.whl (1.6 MB)
     ━━━━━━━━━━━━━━━━━━━━━━━━━━━━━━━━━━━━━━━━ 1.6/1.6 MB 135.5 MB/s eta 0:00:00
Collecting tqdm>=4.0.0
  Downloading tqdm-4.67.3-py3-none-any.whl (78 kB)
     ━━━━━━━━━━━━━━━━━━━━━━━━━━━━━━━━━━━━━━━ 78.4/78.4 KB 388.6 MB/s eta 0:00:00
Collecting scikit-learn>=0.22.0
  Downloading scikit_learn-1.7.2-cp310-cp310-manylinux2014_x86_64.manylinux_2_17_x86_64.whl (9.7 MB)
     ━━━━━━━━━━━━━━━━━━━━━━━━━━━━━━━━━━━━━━━━ 9.7/9.7 MB 179.2 MB/s eta 0:00:00
Collecting huggingface-hub>=0.23.0
  Downloading huggingface_hub-1.16.1-py3-none-any.whl (668 kB)
     ━━━━━━━━━━━━━━━━━━━━━━━━━━━━━━━━━━━━━ 668.2/668.2 KB 431.7 MB/s eta 0:00:00
Requirement already satisfied: typing_extensions>=4.5.0 in /home/hotaisle/.local/lib/python3.10/site-packages (from sentence-transformers) (4.15.0)
Collecting scipy>=1.0.0
  Downloading scipy-1.15.3-cp310-cp310-manylinux_2_17_x86_64.manylinux2014_x86_64.whl (37.7 MB)
     ━━━━━━━━━━━━━━━━━━━━━━━━━━━━━━━━━━━━━━━ 37.7/37.7 MB 433.8 MB/s eta 0:00:00
Requirement already satisfied: packaging>=20.9 in /home/hotaisle/.local/lib/python3.10/site-packages (from huggingface-hub>=0.23.0->sentence-transformers) (26.2)
Requirement already satisfied: pyyaml>=5.1 in /usr/lib/python3/dist-packages (from huggingface-hub>=0.23.0->sentence-transformers) (5.4.1)
Collecting typer>=0.20.0
  Downloading typer-0.26.0-py3-none-any.whl (123 kB)
     ━━━━━━━━━━━━━━━━━━━━━━━━━━━━━━━━━━━━━ 123.1/123.1 KB 414.4 MB/s eta 0:00:00
Collecting hf-xet<2.0.0,>=1.4.3
  Downloading hf_xet-1.5.0-cp37-abi3-manylinux2014_x86_64.manylinux_2_17_x86_64.whl (4.5 MB)
     ━━━━━━━━━━━━━━━━━━━━━━━━━━━━━━━━━━━━━━━━ 4.5/4.5 MB 454.1 MB/s eta 0:00:00
Requirement already satisfied: httpx<1,>=0.23.0 in /home/hotaisle/.local/lib/python3.10/site-packages (from huggingface-hub>=0.23.0->sentence-transformers) (0.28.1)
Requirement already satisfied: filelock>=3.10.0 in /home/hotaisle/.local/lib/python3.10/site-packages (from huggingface-hub>=0.23.0->sentence-transformers) (3.29.0)
Requirement already satisfied: fsspec>=2023.5.0 in /home/hotaisle/.local/lib/python3.10/site-packages (from huggingface-hub>=0.23.0->sentence-transformers) (2026.4.0)
Collecting threadpoolctl>=3.1.0
  Downloading threadpoolctl-3.6.0-py3-none-any.whl (18 kB)
Collecting joblib>=1.2.0
  Downloading joblib-1.5.3-py3-none-any.whl (309 kB)
     ━━━━━━━━━━━━━━━━━━━━━━━━━━━━━━━━━━━━━ 309.1/309.1 KB 462.7 MB/s eta 0:00:00
Requirement already satisfied: sympy>=1.13.3 in /home/hotaisle/.local/lib/python3.10/site-packages (from torch->llmlingua) (1.14.0)
Requirement already satisfied: jinja2 in /usr/lib/python3/dist-packages (from torch->llmlingua) (3.0.3)
Requirement already satisfied: pytorch-triton-rocm==3.5.1 in /home/hotaisle/.local/lib/python3.10/site-packages (from torch->llmlingua) (3.5.1)
Requirement already satisfied: networkx>=2.5.1 in /home/hotaisle/.local/lib/python3.10/site-packages (from torch->llmlingua) (3.4.2)
Collecting tokenizers<=0.23.0,>=0.22.0
  Downloading tokenizers-0.22.2-cp39-abi3-manylinux_2_17_x86_64.manylinux2014_x86_64.whl (3.3 MB)
     ━━━━━━━━━━━━━━━━━━━━━━━━━━━━━━━━━━━━━━━━ 3.3/3.3 MB 237.0 MB/s eta 0:00:00
Collecting safetensors>=0.4.3
  Downloading safetensors-0.7.0-cp38-abi3-manylinux_2_17_x86_64.manylinux2014_x86_64.whl (507 kB)
     ━━━━━━━━━━━━━━━━━━━━━━━━━━━━━━━━━━━━━ 507.2/507.2 KB 486.9 MB/s eta 0:00:00
Collecting regex>=2025.10.22
  Downloading regex-2026.5.9-cp310-cp310-manylinux2014_x86_64.manylinux_2_17_x86_64.manylinux_2_28_x86_64.whl (794 kB)
     ━━━━━━━━━━━━━━━━━━━━━━━━━━━━━━━━━━━━━ 794.1/794.1 KB 431.3 MB/s eta 0:00:00
Requirement already satisfied: psutil in /home/hotaisle/.local/lib/python3.10/site-packages (from accelerate->llmlingua) (7.2.2)
Requirement already satisfied: click in /usr/lib/python3/dist-packages (from nltk->llmlingua) (8.0.3)
Requirement already satisfied: requests in /usr/lib/python3/dist-packages (from tiktoken->llmlingua) (2.25.1)
Requirement already satisfied: anyio in /home/hotaisle/.local/lib/python3.10/site-packages (from httpx<1,>=0.23.0->huggingface-hub>=0.23.0->sentence-transformers) (4.13.0)
Requirement already satisfied: idna in /usr/lib/python3/dist-packages (from httpx<1,>=0.23.0->huggingface-hub>=0.23.0->sentence-transformers) (3.3)
Requirement already satisfied: certifi in /usr/lib/python3/dist-packages (from httpx<1,>=0.23.0->huggingface-hub>=0.23.0->sentence-transformers) (2020.6.20)
Requirement already satisfied: httpcore==1.* in /home/hotaisle/.local/lib/python3.10/site-packages (from httpx<1,>=0.23.0->huggingface-hub>=0.23.0->sentence-transformers) (1.0.9)
Requirement already satisfied: h11>=0.16 in /home/hotaisle/.local/lib/python3.10/site-packages (from httpcore==1.*->httpx<1,>=0.23.0->huggingface-hub>=0.23.0->sentence-transformers) (0.16.0)
Requirement already satisfied: mpmath<1.4,>=1.1.0 in /home/hotaisle/.local/lib/python3.10/site-packages (from sympy>=1.13.3->torch->llmlingua) (1.3.0)
Requirement already satisfied: annotated-doc>=0.0.2 in /home/hotaisle/.local/lib/python3.10/site-packages (from typer>=0.20.0->huggingface-hub>=0.23.0->sentence-transformers) (0.0.4)
Requirement already satisfied: rich>=13.8.0 in /home/hotaisle/.local/lib/python3.10/site-packages (from typer>=0.20.0->huggingface-hub>=0.23.0->sentence-transformers) (15.0.0)
Collecting shellingham>=1.3.0
  Downloading shellingham-1.5.4-py2.py3-none-any.whl (9.8 kB)
Requirement already satisfied: pygments<3.0.0,>=2.13.0 in /home/hotaisle/.local/lib/python3.10/site-packages (from rich>=13.8.0->typer>=0.20.0->huggingface-hub>=0.23.0->sentence-transformers) (2.20.0)
Requirement already satisfied: markdown-it-py>=2.2.0 in /home/hotaisle/.local/lib/python3.10/site-packages (from rich>=13.8.0->typer>=0.20.0->huggingface-hub>=0.23.0->sentence-transformers) (4.2.0)
Requirement already satisfied: exceptiongroup>=1.0.2 in /home/hotaisle/.local/lib/python3.10/site-packages (from anyio->httpx<1,>=0.23.0->huggingface-hub>=0.23.0->sentence-transformers) (1.3.1)
Requirement already satisfied: mdurl~=0.1 in /home/hotaisle/.local/lib/python3.10/site-packages (from markdown-it-py>=2.2.0->rich>=13.8.0->typer>=0.20.0->huggingface-hub>=0.23.0->sentence-transformers) (0.1.2)
Installing collected packages: tqdm, threadpoolctl, shellingham, scipy, safetensors, regex, joblib, hf-xet, tiktoken, scikit-learn, nltk, typer, huggingface-hub, tokenizers, accelerate, transformers, sentence-transformers, llmlingua
  WARNING: The script tqdm is installed in '/home/hotaisle/.local/bin' which is not on PATH.
  Consider adding this directory to PATH or, if you prefer to suppress this warning, use --no-warn-script-location.
  WARNING: The script nltk is installed in '/home/hotaisle/.local/bin' which is not on PATH.
  Consider adding this directory to PATH or, if you prefer to suppress this warning, use --no-warn-script-location.
  WARNING: The script typer is installed in '/home/hotaisle/.local/bin' which is not on PATH.
  Consider adding this directory to PATH or, if you prefer to suppress this warning, use --no-warn-script-location.
  WARNING: The scripts hf, huggingface-cli and tiny-agents are installed in '/home/hotaisle/.local/bin' which is not on PATH.
  Consider adding this directory to PATH or, if you prefer to suppress this warning, use --no-warn-script-location.
  WARNING: The scripts accelerate, accelerate-config, accelerate-estimate-memory, accelerate-launch and accelerate-merge-weights are installed in '/home/hotaisle/.local/bin' which is not on PATH.
  Consider adding this directory to PATH or, if you prefer to suppress this warning, use --no-warn-script-location.
  WARNING: The script transformers is installed in '/home/hotaisle/.local/bin' which is not on PATH.
  Consider adding this directory to PATH or, if you prefer to suppress this warning, use --no-warn-script-location.
Successfully installed accelerate-1.13.0 hf-xet-1.5.0 huggingface-hub-1.16.1 joblib-1.5.3 llmlingua-0.2.2 nltk-3.9.4 regex-2026.5.9 safetensors-0.7.0 scikit-learn-1.7.2 scipy-1.15.3 sentence-transformers-5.5.1 shellingham-1.5.4 threadpoolctl-3.6.0 tiktoken-0.13.0 tokenizers-0.22.2 tqdm-4.67.3 transformers-5.9.0 typer-0.26.0
