ERROR: Exception:
Traceback (most recent call last):
  File "/usr/lib/python3/dist-packages/pip/_internal/cli/base_command.py", line 165, in exc_logging_wrapper
    status = run_func(*args)
  File "/usr/lib/python3/dist-packages/pip/_internal/cli/req_command.py", line 205, in wrapper
    return func(self, options, args)
  File "/usr/lib/python3/dist-packages/pip/_internal/commands/install.py", line 339, in run
    requirement_set = resolver.resolve(
  File "/usr/lib/python3/dist-packages/pip/_internal/resolution/resolvelib/resolver.py", line 94, in resolve
    result = self._result = resolver.resolve(
  File "/usr/lib/python3/dist-packages/pip/_vendor/resolvelib/resolvers.py", line 481, in resolve
    state = resolution.resolve(requirements, max_rounds=max_rounds)
  File "/usr/lib/python3/dist-packages/pip/_vendor/resolvelib/resolvers.py", line 348, in resolve
    self._add_to_criteria(self.state.criteria, r, parent=None)
  File "/usr/lib/python3/dist-packages/pip/_vendor/resolvelib/resolvers.py", line 172, in _add_to_criteria
    if not criterion.candidates:
  File "/usr/lib/python3/dist-packages/pip/_vendor/resolvelib/structs.py", line 151, in __bool__
    return bool(self._sequence)
  File "/usr/lib/python3/dist-packages/pip/_internal/resolution/resolvelib/found_candidates.py", line 155, in __bool__
    return any(self)
  File "/usr/lib/python3/dist-packages/pip/_internal/resolution/resolvelib/found_candidates.py", line 143, in <genexpr>
    return (c for c in iterator if id(c) not in self._incompatible_ids)
  File "/usr/lib/python3/dist-packages/pip/_internal/resolution/resolvelib/found_candidates.py", line 47, in _iter_built
    candidate = func()
  File "/usr/lib/python3/dist-packages/pip/_internal/resolution/resolvelib/factory.py", line 215, in _make_candidate_from_link
    self._link_candidate_cache[link] = LinkCandidate(
  File "/usr/lib/python3/dist-packages/pip/_internal/resolution/resolvelib/candidates.py", line 288, in __init__
    super().__init__(
  File "/usr/lib/python3/dist-packages/pip/_internal/resolution/resolvelib/candidates.py", line 158, in __init__
    self.dist = self._prepare()
  File "/usr/lib/python3/dist-packages/pip/_internal/resolution/resolvelib/candidates.py", line 227, in _prepare
    dist = self._prepare_distribution()
  File "/usr/lib/python3/dist-packages/pip/_internal/resolution/resolvelib/candidates.py", line 299, in _prepare_distribution
    return preparer.prepare_linked_requirement(self._ireq, parallel_builds=True)
  File "/usr/lib/python3/dist-packages/pip/_internal/operations/prepare.py", line 487, in prepare_linked_requirement
    return self._prepare_linked_requirement(req, parallel_builds)
  File "/usr/lib/python3/dist-packages/pip/_internal/operations/prepare.py", line 532, in _prepare_linked_requirement
    local_file = unpack_url(
  File "/usr/lib/python3/dist-packages/pip/_internal/operations/prepare.py", line 214, in unpack_url
    file = get_http_url(
  File "/usr/lib/python3/dist-packages/pip/_internal/operations/prepare.py", line 94, in get_http_url
    from_path, content_type = download(link, temp_dir.path)
  File "/usr/lib/python3/dist-packages/pip/_internal/network/download.py", line 146, in __call__
    for chunk in chunks:
  File "/usr/lib/python3/dist-packages/pip/_internal/network/utils.py", line 63, in response_chunks
    for chunk in response.raw.stream(
  File "/usr/lib/python3/dist-packages/pip/_vendor/urllib3/response.py", line 576, in stream
    data = self.read(amt=amt, decode_content=decode_content)
  File "/usr/lib/python3/dist-packages/pip/_vendor/urllib3/response.py", line 519, in read
    data = self._fp.read(amt) if not fp_closed else b""
  File "/usr/lib/python3/dist-packages/pip/_vendor/cachecontrol/filewrapper.py", line 96, in read
    self._close()
  File "/usr/lib/python3/dist-packages/pip/_vendor/cachecontrol/filewrapper.py", line 76, in _close
    self.__callback(result)
  File "/usr/lib/python3/dist-packages/pip/_vendor/cachecontrol/controller.py", line 331, in cache_response
    self.serializer.dumps(request, response, body),
  File "/usr/lib/python3/dist-packages/pip/_vendor/cachecontrol/serialize.py", line 70, in dumps
    return b",".join([b"cc=4", msgpack.dumps(data, use_bin_type=True)])
  File "/usr/lib/python3/dist-packages/pip/_vendor/msgpack/__init__.py", line 35, in packb
    return Packer(**kwargs).pack(o)
  File "/usr/lib/python3/dist-packages/pip/_vendor/msgpack/fallback.py", line 885, in pack
    self._pack(obj)
  File "/usr/lib/python3/dist-packages/pip/_vendor/msgpack/fallback.py", line 864, in _pack
    return self._pack_map_pairs(
  File "/usr/lib/python3/dist-packages/pip/_vendor/msgpack/fallback.py", line 970, in _pack_map_pairs
    self._pack(v, nest_limit - 1)
  File "/usr/lib/python3/dist-packages/pip/_vendor/msgpack/fallback.py", line 864, in _pack
    return self._pack_map_pairs(
  File "/usr/lib/python3/dist-packages/pip/_vendor/msgpack/fallback.py", line 970, in _pack_map_pairs
    self._pack(v, nest_limit - 1)
  File "/usr/lib/python3/dist-packages/pip/_vendor/msgpack/fallback.py", line 821, in _pack
    raise ValueError("Memoryview is too large")
ValueError: Memoryview is too large
Looking in indexes: https://download.pytorch.org/whl/rocm6.3
Collecting torch
  Downloading https://download-r2.pytorch.org/whl/rocm6.3/torch-2.9.1%2Brocm6.3-cp310-cp310-manylinux_2_28_x86_64.whl (4926.1 MB)
     ━━━━━━━━━━━━━━━━━━━━━━━━━━━━━━━━━━━━━━━━ 4.9/4.9 GB 367.5 MB/s eta 0:00:00
Requirement already satisfied: jinja2 in /usr/lib/python3/dist-packages (from torch) (3.0.3)
Collecting pytorch-triton-rocm==3.5.1
  Downloading https://download-r2.pytorch.org/whl/pytorch_triton_rocm-3.5.1-cp310-cp310-linux_x86_64.whl (274.4 MB)
     ━━━━━━━━━━━━━━━━━━━━━━━━━━━━━━━━━━━━━ 274.4/274.4 MB 265.4 MB/s eta 0:00:00
Collecting sympy>=1.13.3
  Downloading sympy-1.14.0-py3-none-any.whl (6.3 MB)
     ━━━━━━━━━━━━━━━━━━━━━━━━━━━━━━━━━━━━━━━━ 6.3/6.3 MB 26.8 MB/s eta 0:00:00
Collecting filelock
  Downloading filelock-3.29.0-py3-none-any.whl (39 kB)
Collecting networkx>=2.5.1
  Downloading networkx-3.4.2-py3-none-any.whl (1.7 MB)
     ━━━━━━━━━━━━━━━━━━━━━━━━━━━━━━━━━━━━━━━━ 1.7/1.7 MB 77.0 MB/s eta 0:00:00
Collecting fsspec>=0.8.5
  Downloading fsspec-2026.4.0-py3-none-any.whl (203 kB)
     ━━━━━━━━━━━━━━━━━━━━━━━━━━━━━━━━━━━━━ 203.4/203.4 KB 441.3 MB/s eta 0:00:00
Requirement already satisfied: typing-extensions>=4.10.0 in /home/hotaisle/.local/lib/python3.10/site-packages (from torch) (4.15.0)
Collecting mpmath<1.4,>=1.1.0
  Downloading mpmath-1.3.0-py3-none-any.whl (536 kB)
     ━━━━━━━━━━━━━━━━━━━━━━━━━━━━━━━━━━━━━━ 536.2/536.2 KB 98.2 MB/s eta 0:00:00
Installing collected packages: mpmath, sympy, pytorch-triton-rocm, networkx, fsspec, filelock, torch
  WARNING: The script isympy is installed in '/home/hotaisle/.local/bin' which is not on PATH.
  Consider adding this directory to PATH or, if you prefer to suppress this warning, use --no-warn-script-location.
  WARNING: The scripts proton and proton-viewer are installed in '/home/hotaisle/.local/bin' which is not on PATH.
  Consider adding this directory to PATH or, if you prefer to suppress this warning, use --no-warn-script-location.
  WARNING: The scripts torchfrtrace and torchrun are installed in '/home/hotaisle/.local/bin' which is not on PATH.
  Consider adding this directory to PATH or, if you prefer to suppress this warning, use --no-warn-script-location.
Successfully installed filelock-3.29.0 fsspec-2026.4.0 mpmath-1.3.0 networkx-3.4.2 pytorch-triton-rocm-3.5.1 sympy-1.14.0 torch-2.9.1+rocm6.3
