Cloning into 'repo'...
Collecting z3-solver
  Downloading z3_solver-4.16.0.0-py3-none-manylinux_2_27_x86_64.whl (31.7 MB)
     ━━━━━━━━━━━━━━━━━━━━━━━━━━━━━━━━━━━━━━━ 31.7/31.7 MB 289.6 MB/s eta 0:00:00
Collecting pydantic-settings
  Downloading pydantic_settings-2.14.1-py3-none-any.whl (60 kB)
     ━━━━━━━━━━━━━━━━━━━━━━━━━━━━━━━━━━━━━━━ 61.0/61.0 KB 346.9 MB/s eta 0:00:00
Collecting pydantic
  Downloading pydantic-2.13.4-py3-none-any.whl (472 kB)
     ━━━━━━━━━━━━━━━━━━━━━━━━━━━━━━━━━━━━━ 472.3/472.3 KB 479.8 MB/s eta 0:00:00
Requirement already satisfied: httpx in /home/hotaisle/.local/lib/python3.10/site-packages (0.28.1)
Collecting numpy
  Downloading numpy-2.2.6-cp310-cp310-manylinux_2_17_x86_64.manylinux2014_x86_64.whl (16.8 MB)
     ━━━━━━━━━━━━━━━━━━━━━━━━━━━━━━━━━━━━━━━ 16.8/16.8 MB 451.4 MB/s eta 0:00:00
Collecting faiss-cpu
  Downloading faiss_cpu-1.14.2-cp310-abi3-manylinux_2_27_x86_64.manylinux_2_28_x86_64.whl (18.2 MB)
     ━━━━━━━━━━━━━━━━━━━━━━━━━━━━━━━━━━━━━━━ 18.2/18.2 MB 263.3 MB/s eta 0:00:00
Collecting prometheus-client
  Downloading prometheus_client-0.25.0-py3-none-any.whl (64 kB)
     ━━━━━━━━━━━━━━━━━━━━━━━━━━━━━━━━━━━━━━━ 64.2/64.2 KB 364.5 MB/s eta 0:00:00
Collecting aiofiles
  Downloading aiofiles-25.1.0-py3-none-any.whl (14 kB)
Collecting typing-inspection>=0.4.0
  Downloading typing_inspection-0.4.2-py3-none-any.whl (14 kB)
Collecting python-dotenv>=0.21.0
  Downloading python_dotenv-1.2.2-py3-none-any.whl (22 kB)
Collecting pydantic-core==2.46.4
  Downloading pydantic_core-2.46.4-cp310-cp310-manylinux_2_17_x86_64.manylinux2014_x86_64.whl (2.1 MB)
     ━━━━━━━━━━━━━━━━━━━━━━━━━━━━━━━━━━━━━━━━ 2.1/2.1 MB 482.0 MB/s eta 0:00:00
Requirement already satisfied: typing-extensions>=4.14.1 in /home/hotaisle/.local/lib/python3.10/site-packages (from pydantic) (4.15.0)
Collecting annotated-types>=0.6.0
  Downloading annotated_types-0.7.0-py3-none-any.whl (13 kB)
Requirement already satisfied: certifi in /usr/lib/python3/dist-packages (from httpx) (2020.6.20)
Requirement already satisfied: httpcore==1.* in /home/hotaisle/.local/lib/python3.10/site-packages (from httpx) (1.0.9)
Requirement already satisfied: anyio in /home/hotaisle/.local/lib/python3.10/site-packages (from httpx) (4.13.0)
Requirement already satisfied: idna in /usr/lib/python3/dist-packages (from httpx) (3.3)
Requirement already satisfied: h11>=0.16 in /home/hotaisle/.local/lib/python3.10/site-packages (from httpcore==1.*->httpx) (0.16.0)
Requirement already satisfied: packaging in /usr/lib/python3/dist-packages (from faiss-cpu) (21.3)
Requirement already satisfied: exceptiongroup>=1.0.2 in /home/hotaisle/.local/lib/python3.10/site-packages (from anyio->httpx) (1.3.1)
Installing collected packages: z3-solver, typing-inspection, python-dotenv, pydantic-core, prometheus-client, numpy, annotated-types, aiofiles, pydantic, faiss-cpu, pydantic-settings
  WARNING: The script dotenv is installed in '/home/hotaisle/.local/bin' which is not on PATH.
  Consider adding this directory to PATH or, if you prefer to suppress this warning, use --no-warn-script-location.
  WARNING: The scripts f2py and numpy-config are installed in '/home/hotaisle/.local/bin' which is not on PATH.
  Consider adding this directory to PATH or, if you prefer to suppress this warning, use --no-warn-script-location.
Successfully installed aiofiles-25.1.0 annotated-types-0.7.0 faiss-cpu-1.14.2 numpy-2.2.6 prometheus-client-0.25.0 pydantic-2.13.4 pydantic-core-2.46.4 pydantic-settings-2.14.1 python-dotenv-1.2.2 typing-inspection-0.4.2 z3-solver-4.16.0.0
HOST_SETUP_DONE_0
